# JRE version: OpenJDK Runtime Environment (11.0.9.1+1) (build 11.0.9.1+1-post-Debian-1deb10u2)
# Java VM: OpenJDK 64-Bit Server VM (11.0.9.1+1-post-Debian-1deb10u2, mixed mode, sharing, tiered, compressed oops, serial gc, linux-amd64)
Heap:
 def new generation   total 23232K, used 59K [0x00000000f0800000, 0x00000000f2130000, 0x00000000f5aa0000)
  eden space 20672K,   0% used [0x00000000f0800000, 0x00000000f080ef40, 0x00000000f1c30000)
  from space 2560K,   0% used [0x00000000f1c30000, 0x00000000f1c30000, 0x00000000f1eb0000)
  to   space 2560K,   0% used [0x00000000f1eb0000, 0x00000000f1eb0000, 0x00000000f2130000)
 tenured generation   total 56320K, used 56319K [0x00000000f5aa0000, 0x00000000f91a0000, 0x0000000100000000)
   the space 56320K,  99% used [0x00000000f5aa0000, 0x00000000f919ffe8, 0x00000000f91a0000, 0x00000000f91a0000)
 Metaspace       used 26935K, capacity 27980K, committed 28288K, reserved 1075200K
  class space    used 2253K, capacity 2663K, committed 2688K, reserved 1048576K
GC Heap History (20 events):
Event: 159.554 GC heap after
{Heap after GC invocations=25 (full 2):
 def new generation   total 13440K, used 526K [0x00000000f0800000, 0x00000000f1690000, 0x00000000f5aa0000)
  eden space 11968K,   0% used [0x00000000f0800000, 0x00000000f0800000, 0x00000000f13b0000)
  from space 1472K,  35% used [0x00000000f13b0000, 0x00000000f1433870, 0x00000000f1520000)
  to   space 1472K,   0% used [0x00000000f1520000, 0x00000000f1520000, 0x00000000f1690000)
 tenured generation   total 29720K, used 22185K [0x00000000f5aa0000, 0x00000000f77a6000, 0x0000000100000000)
   the space 29720K,  74% used [0x00000000f5aa0000, 0x00000000f704a650, 0x00000000f704a800, 0x00000000f77a6000)
 Metaspace       used 18968K, capacity 19671K, committed 19968K, reserved 1067008K
  class space    used 1755K, capacity 2016K, committed 2048K, reserved 1048576K
}
Event: 161.646 GC heap before
{Heap before GC invocations=25 (full 2):
 def new generation   total 13440K, used 12494K [0x00000000f0800000, 0x00000000f1690000, 0x00000000f5aa0000)
  eden space 11968K, 100% used [0x00000000f0800000, 0x00000000f13b0000, 0x00000000f13b0000)
  from space 1472K,  35% used [0x00000000f13b0000, 0x00000000f1433870, 0x00000000f1520000)
  to   space 1472K,   0% used [0x00000000f1520000, 0x00000000f1520000, 0x00000000f1690000)
 tenured generation   total 29720K, used 22185K [0x00000000f5aa0000, 0x00000000f77a6000, 0x0000000100000000)
   the space 29720K,  74% used [0x00000000f5aa0000, 0x00000000f704a650, 0x00000000f704a800, 0x00000000f77a6000)
 Metaspace       used 20763K, capacity 21661K, committed 21888K, reserved 1069056K
  class space    used 1869K, capacity 2169K, committed 2176K, reserved 1048576K
}
Event: 161.696 GC heap after
{Heap after GC invocations=26 (full 2):
 def new generation   total 13440K, used 1472K [0x00000000f0800000, 0x00000000f1690000, 0x00000000f5aa0000)
  eden space 11968K,   0% used [0x00000000f0800000, 0x00000000f0800000, 0x00000000f13b0000)
  from space 1472K, 100% used [0x00000000f1520000, 0x00000000f1690000, 0x00000000f1690000)
  to   space 1472K,   0% used [0x00000000f13b0000, 0x00000000f13b0000, 0x00000000f1520000)
 tenured generation   total 29720K, used 23451K [0x00000000f5aa0000, 0x00000000f77a6000, 0x0000000100000000)
   the space 29720K,  78% used [0x00000000f5aa0000, 0x00000000f7186e98, 0x00000000f7187000, 0x00000000f77a6000)
 Metaspace       used 20763K, capacity 21661K, committed 21888K, reserved 1069056K
  class space    used 1869K, capacity 2169K, committed 2176K, reserved 1048576K
}
Event: 163.715 GC heap before
{Heap before GC invocations=26 (full 2):
 def new generation   total 13440K, used 13315K [0x00000000f0800000, 0x00000000f1690000, 0x00000000f5aa0000)
  eden space 11968K,  98% used [0x00000000f0800000, 0x00000000f1390e98, 0x00000000f13b0000)
  from space 1472K, 100% used [0x00000000f1520000, 0x00000000f1690000, 0x00000000f1690000)
  to   space 1472K,   0% used [0x00000000f13b0000, 0x00000000f13b0000, 0x00000000f1520000)
 tenured generation   total 29720K, used 23451K [0x00000000f5aa0000, 0x00000000f77a6000, 0x0000000100000000)
   the space 29720K,  78% used [0x00000000f5aa0000, 0x00000000f7186e98, 0x00000000f7187000, 0x00000000f77a6000)
 Metaspace       used 22139K, capacity 23091K, committed 23296K, reserved 1071104K
  class space    used 1916K, capacity 2235K, committed 2304K, reserved 1048576K
}
Event: 163.846 GC heap after
{Heap after GC invocations=27 (full 2):
 def new generation   total 13440K, used 1471K [0x00000000f0800000, 0x00000000f1690000, 0x00000000f5aa0000)
  eden space 11968K,   0% used [0x00000000f0800000, 0x00000000f0800000, 0x00000000f13b0000)
  from space 1472K,  99% used [0x00000000f13b0000, 0x00000000f151fff8, 0x00000000f1520000)
  to   space 1472K,   0% used [0x00000000f1520000, 0x00000000f1520000, 0x00000000f1690000)
 tenured generation   total 29720K, used 26997K [0x00000000f5aa0000, 0x00000000f77a6000, 0x0000000100000000)
   the space 29720K,  90% used [0x00000000f5aa0000, 0x00000000f74fd4d8, 0x00000000f74fd600, 0x00000000f77a6000)
 Metaspace       used 22139K, capacity 23091K, committed 23296K, reserved 1071104K
  class space    used 1916K, capacity 2235K, committed 2304K, reserved 1048576K
}
Event: 165.048 GC heap before
{Heap before GC invocations=27 (full 2):
 def new generation   total 13440K, used 13439K [0x00000000f0800000, 0x00000000f1690000, 0x00000000f5aa0000)
  eden space 11968K, 100% used [0x00000000f0800000, 0x00000000f13b0000, 0x00000000f13b0000)
  from space 1472K,  99% used [0x00000000f13b0000, 0x00000000f151fff8, 0x00000000f1520000)
  to   space 1472K,   0% used [0x00000000f1520000, 0x00000000f1520000, 0x00000000f1690000)
 tenured generation   total 29720K, used 26997K [0x00000000f5aa0000, 0x00000000f77a6000, 0x0000000100000000)
   the space 29720K,  90% used [0x00000000f5aa0000, 0x00000000f74fd4d8, 0x00000000f74fd600, 0x00000000f77a6000)
 Metaspace       used 22925K, capacity 23761K, committed 24064K, reserved 1071104K
  class space    used 1935K, capacity 2239K, committed 2304K, reserved 1048576K
}
Event: 165.169 GC heap after
{Heap after GC invocations=28 (full 2):
 def new generation   total 13440K, used 1471K [0x00000000f0800000, 0x00000000f1690000, 0x00000000f5aa0000)
  eden space 11968K,   0% used [0x00000000f0800000, 0x00000000f0800000, 0x00000000f13b0000)
  from space 1472K,  99% used [0x00000000f1520000, 0x00000000f168fff8, 0x00000000f1690000)
  to   space 1472K,   0% used [0x00000000f13b0000, 0x00000000f13b0000, 0x00000000f1520000)
 tenured generation   total 29720K, used 29376K [0x00000000f5aa0000, 0x00000000f77a6000, 0x0000000100000000)
   the space 29720K,  98% used [0x00000000f5aa0000, 0x00000000f77500c0, 0x00000000f7750200, 0x00000000f77a6000)
 Metaspace       used 22925K, capacity 23761K, committed 24064K, reserved 1071104K
  class space    used 1935K, capacity 2239K, committed 2304K, reserved 1048576K
}
Event: 166.921 GC heap before
{Heap before GC invocations=28 (full 2):
 def new generation   total 13440K, used 13315K [0x00000000f0800000, 0x00000000f1690000, 0x00000000f5aa0000)
  eden space 11968K,  98% used [0x00000000f0800000, 0x00000000f1390f18, 0x00000000f13b0000)
  from space 1472K,  99% used [0x00000000f1520000, 0x00000000f168fff8, 0x00000000f1690000)
  to   space 1472K,   0% used [0x00000000f13b0000, 0x00000000f13b0000, 0x00000000f1520000)
 tenured generation   total 29720K, used 29376K [0x00000000f5aa0000, 0x00000000f77a6000, 0x0000000100000000)
   the space 29720K,  98% used [0x00000000f5aa0000, 0x00000000f77500c0, 0x00000000f7750200, 0x00000000f77a6000)
 Metaspace       used 23564K, capacity 24407K, committed 24832K, reserved 1071104K
  class space    used 1950K, capacity 2240K, committed 2304K, reserved 1048576K
}
Event: 167.513 GC heap after
{Heap after GC invocations=29 (full 3):
 def new generation   total 23232K, used 0K [0x00000000f0800000, 0x00000000f2130000, 0x00000000f5aa0000)
  eden space 20672K,   0% used [0x00000000f0800000, 0x00000000f0800000, 0x00000000f1c30000)
  from space 2560K,   0% used [0x00000000f1c30000, 0x00000000f1c30000, 0x00000000f1eb0000)
  to   space 2560K,   0% used [0x00000000f1eb0000, 0x00000000f1eb0000, 0x00000000f2130000)
 tenured generation   total 51520K, used 30911K [0x00000000f5aa0000, 0x00000000f8cf0000, 0x0000000100000000)
   the space 51520K,  59% used [0x00000000f5aa0000, 0x00000000f78cff90, 0x00000000f78d0000, 0x00000000f8cf0000)
 Metaspace       used 23564K, capacity 24407K, committed 24832K, reserved 1071104K
  class space    used 1950K, capacity 2240K, committed 2304K, reserved 1048576K
}
Event: 169.453 GC heap before
{Heap before GC invocations=29 (full 3):
 def new generation   total 23232K, used 20672K [0x00000000f0800000, 0x00000000f2130000, 0x00000000f5aa0000)
  eden space 20672K, 100% used [0x00000000f0800000, 0x00000000f1c30000, 0x00000000f1c30000)
  from space 2560K,   0% used [0x00000000f1c30000, 0x00000000f1c30000, 0x00000000f1eb0000)
  to   space 2560K,   0% used [0x00000000f1eb0000, 0x00000000f1eb0000, 0x00000000f2130000)
 tenured generation   total 51520K, used 30911K [0x00000000f5aa0000, 0x00000000f8cf0000, 0x0000000100000000)
   the space 51520K,  59% used [0x00000000f5aa0000, 0x00000000f78cff90, 0x00000000f78d0000, 0x00000000f8cf0000)
 Metaspace       used 24156K, capacity 24951K, committed 25344K, reserved 1073152K
  class space    used 1968K, capacity 2272K, committed 2304K, reserved 1048576K
}
Event: 169.533 GC heap after
{Heap after GC invocations=30 (full 3):
 def new generation   total 23232K, used 2559K [0x00000000f0800000, 0x00000000f2130000, 0x00000000f5aa0000)
  eden space 20672K,   0% used [0x00000000f0800000, 0x00000000f0800000, 0x00000000f1c30000)
  from space 2560K,  99% used [0x00000000f1eb0000, 0x00000000f212fff8, 0x00000000f2130000)
  to   space 2560K,   0% used [0x00000000f1c30000, 0x00000000f1c30000, 0x00000000f1eb0000)
 tenured generation   total 51520K, used 32281K [0x00000000f5aa0000, 0x00000000f8cf0000, 0x0000000100000000)
   the space 51520K,  62% used [0x00000000f5aa0000, 0x00000000f7a26698, 0x00000000f7a26800, 0x00000000f8cf0000)
 Metaspace       used 24156K, capacity 24951K, committed 25344K, reserved 1073152K
  class space    used 1968K, capacity 2272K, committed 2304K, reserved 1048576K
}
Event: 172.964 GC heap before
{Heap before GC invocations=30 (full 3):
 def new generation   total 23232K, used 23231K [0x00000000f0800000, 0x00000000f2130000, 0x00000000f5aa0000)
  eden space 20672K, 100% used [0x00000000f0800000, 0x00000000f1c30000, 0x00000000f1c30000)
  from space 2560K,  99% used [0x00000000f1eb0000, 0x00000000f212fff8, 0x00000000f2130000)
  to   space 2560K,   0% used [0x00000000f1c30000, 0x00000000f1c30000, 0x00000000f1eb0000)
 tenured generation   total 51520K, used 32281K [0x00000000f5aa0000, 0x00000000f8cf0000, 0x0000000100000000)
   the space 51520K,  62% used [0x00000000f5aa0000, 0x00000000f7a26698, 0x00000000f7a26800, 0x00000000f8cf0000)
 Metaspace       used 26279K, capacity 27309K, committed 27520K, reserved 1075200K
  class space    used 2195K, capacity 2586K, committed 2688K, reserved 1048576K
}
Event: 173.111 GC heap after
{Heap after GC invocations=31 (full 3):
 def new generation   total 23232K, used 2560K [0x00000000f0800000, 0x00000000f2130000, 0x00000000f5aa0000)
  eden space 20672K,   0% used [0x00000000f0800000, 0x00000000f0800000, 0x00000000f1c30000)
  from space 2560K, 100% used [0x00000000f1c30000, 0x00000000f1eb0000, 0x00000000f1eb0000)
  to   space 2560K,   0% used [0x00000000f1eb0000, 0x00000000f1eb0000, 0x00000000f2130000)
 tenured generation   total 51520K, used 34828K [0x00000000f5aa0000, 0x00000000f8cf0000, 0x0000000100000000)
   the space 51520K,  67% used [0x00000000f5aa0000, 0x00000000f7ca30a0, 0x00000000f7ca3200, 0x00000000f8cf0000)
 Metaspace       used 26279K, capacity 27309K, committed 27520K, reserved 1075200K
  class space    used 2195K, capacity 2586K, committed 2688K, reserved 1048576K
}
Event: 175.283 GC heap before
{Heap before GC invocations=31 (full 3):
 def new generation   total 23232K, used 23232K [0x00000000f0800000, 0x00000000f2130000, 0x00000000f5aa0000)
  eden space 20672K, 100% used [0x00000000f0800000, 0x00000000f1c30000, 0x00000000f1c30000)
  from space 2560K, 100% used [0x00000000f1c30000, 0x00000000f1eb0000, 0x00000000f1eb0000)
  to   space 2560K,   0% used [0x00000000f1eb0000, 0x00000000f1eb0000, 0x00000000f2130000)
 tenured generation   total 51520K, used 34828K [0x00000000f5aa0000, 0x00000000f8cf0000, 0x0000000100000000)
   the space 51520K,  67% used [0x00000000f5aa0000, 0x00000000f7ca30a0, 0x00000000f7ca3200, 0x00000000f8cf0000)
 Metaspace       used 26911K, capacity 27916K, committed 28032K, reserved 1075200K
  class space    used 2253K, capacity 2663K, committed 2688K, reserved 1048576K
}
Event: 175.870 GC heap after
{Heap after GC invocations=32 (full 3):
 def new generation   total 23232K, used 2560K [0x00000000f0800000, 0x00000000f2130000, 0x00000000f5aa0000)
  eden space 20672K,   0% used [0x00000000f0800000, 0x00000000f0800000, 0x00000000f1c30000)
  from space 2560K, 100% used [0x00000000f1eb0000, 0x00000000f2130000, 0x00000000f2130000)
  to   space 2560K,   0% used [0x00000000f1c30000, 0x00000000f1c30000, 0x00000000f1eb0000)
 tenured generation   total 51520K, used 37622K [0x00000000f5aa0000, 0x00000000f8cf0000, 0x0000000100000000)
   the space 51520K,  73% used [0x00000000f5aa0000, 0x00000000f7f5d8e0, 0x00000000f7f5da00, 0x00000000f8cf0000)
 Metaspace       used 26911K, capacity 27916K, committed 28032K, reserved 1075200K
  class space    used 2253K, capacity 2663K, committed 2688K, reserved 1048576K
}
Event: 178.082 GC heap before
{Heap before GC invocations=32 (full 3):
 def new generation   total 23232K, used 22868K [0x00000000f0800000, 0x00000000f2130000, 0x00000000f5aa0000)
  eden space 20672K,  98% used [0x00000000f0800000, 0x00000000f1bd5120, 0x00000000f1c30000)
  from space 2560K, 100% used [0x00000000f1eb0000, 0x00000000f2130000, 0x00000000f2130000)
  to   space 2560K,   0% used [0x00000000f1c30000, 0x00000000f1c30000, 0x00000000f1eb0000)
 tenured generation   total 51520K, used 37622K [0x00000000f5aa0000, 0x00000000f8cf0000, 0x0000000100000000)
   the space 51520K,  73% used [0x00000000f5aa0000, 0x00000000f7f5d8e0, 0x00000000f7f5da00, 0x00000000f8cf0000)
 Metaspace       used 26913K, capacity 27916K, committed 28032K, reserved 1075200K
  class space    used 2253K, capacity 2663K, committed 2688K, reserved 1048576K
}
Event: 178.785 GC heap after
{Heap after GC invocations=33 (full 3):
 def new generation   total 23232K, used 2560K [0x00000000f0800000, 0x00000000f2130000, 0x00000000f5aa0000)
  eden space 20672K,   0% used [0x00000000f0800000, 0x00000000f0800000, 0x00000000f1c30000)
  from space 2560K, 100% used [0x00000000f1c30000, 0x00000000f1eb0000, 0x00000000f1eb0000)
  to   space 2560K,   0% used [0x00000000f1eb0000, 0x00000000f1eb0000, 0x00000000f2130000)
 tenured generation   total 51520K, used 43229K [0x00000000f5aa0000, 0x00000000f8cf0000, 0x0000000100000000)
   the space 51520K,  83% used [0x00000000f5aa0000, 0x00000000f84d77e8, 0x00000000f84d7800, 0x00000000f8cf0000)
 Metaspace       used 26913K, capacity 27916K, committed 28032K, reserved 1075200K
  class space    used 2253K, capacity 2663K, committed 2688K, reserved 1048576K
}
Event: 179.714 GC heap before
{Heap before GC invocations=33 (full 3):
 def new generation   total 23232K, used 23232K [0x00000000f0800000, 0x00000000f2130000, 0x00000000f5aa0000)
  eden space 20672K, 100% used [0x00000000f0800000, 0x00000000f1c30000, 0x00000000f1c30000)
  from space 2560K, 100% used [0x00000000f1c30000, 0x00000000f1eb0000, 0x00000000f1eb0000)
  to   space 2560K,   0% used [0x00000000f1eb0000, 0x00000000f1eb0000, 0x00000000f2130000)
 tenured generation   total 51520K, used 43229K [0x00000000f5aa0000, 0x00000000f8cf0000, 0x0000000100000000)
   the space 51520K,  83% used [0x00000000f5aa0000, 0x00000000f84d77e8, 0x00000000f84d7800, 0x00000000f8cf0000)
 Metaspace       used 26935K, capacity 27980K, committed 28288K, reserved 1075200K
  class space    used 2253K, capacity 2663K, committed 2688K, reserved 1048576K
}
Event: 180.097 GC heap after
{Heap after GC invocations=34 (full 3):
 def new generation   total 23232K, used 2560K [0x00000000f0800000, 0x00000000f2130000, 0x00000000f5aa0000)
  eden space 20672K,   0% used [0x00000000f0800000, 0x00000000f0800000, 0x00000000f1c30000)
  from space 2560K, 100% used [0x00000000f1eb0000, 0x00000000f2130000, 0x00000000f2130000)
  to   space 2560K,   0% used [0x00000000f1c30000, 0x00000000f1c30000, 0x00000000f1eb0000)
 tenured generation   total 51520K, used 51369K [0x00000000f5aa0000, 0x00000000f8cf0000, 0x0000000100000000)
   the space 51520K,  99% used [0x00000000f5aa0000, 0x00000000f8cca7c0, 0x00000000f8cca800, 0x00000000f8cf0000)
 Metaspace       used 26935K, capacity 27980K, committed 28288K, reserved 1075200K
  class space    used 2253K, capacity 2663K, committed 2688K, reserved 1048576K
}
Event: 181.494 GC heap before
{Heap before GC invocations=34 (full 3):
 def new generation   total 23232K, used 23232K [0x00000000f0800000, 0x00000000f2130000, 0x00000000f5aa0000)
  eden space 20672K, 100% used [0x00000000f0800000, 0x00000000f1c30000, 0x00000000f1c30000)
  from space 2560K, 100% used [0x00000000f1eb0000, 0x00000000f2130000, 0x00000000f2130000)
  to   space 2560K,   0% used [0x00000000f1c30000, 0x00000000f1c30000, 0x00000000f1eb0000)
 tenured generation   total 51520K, used 51369K [0x00000000f5aa0000, 0x00000000f8cf0000, 0x0000000100000000)
   the space 51520K,  99% used [0x00000000f5aa0000, 0x00000000f8cca7c0, 0x00000000f8cca800, 0x00000000f8cf0000)
 Metaspace       used 26935K, capacity 27980K, committed 28288K, reserved 1075200K
  class space    used 2253K, capacity 2663K, committed 2688K, reserved 1048576K
}

